This is pdfTeX, Version 3.14159265-2.6-1.40.18 (TeX Live 2017/Debian) (preloaded format=pdflatex 2018.9.17)  17 SEP 2018 19:10
entering extended mode
 restricted \write18 enabled.
 %&-line parsing enabled.
**PLANTILLA_TFG.tex
(./PLANTILLA_TFG.tex
LaTeX2e <2017-04-15>
Babel <3.18> and hyphenation patterns for 84 language(s) loaded.
(/usr/share/texlive/texmf-dist/tex/latex/base/book.cls
Document Class: book 2014/09/29 v1.4h Standard LaTeX document class
(/usr/share/texlive/texmf-dist/tex/latex/base/bk11.clo
File: bk11.clo 2014/09/29 v1.4h Standard LaTeX file (size option)
)
\c@part=\count79
\c@chapter=\count80
\c@section=\count81
\c@subsection=\count82
\c@subsubsection=\count83
\c@paragraph=\count84
\c@subparagraph=\count85
\c@figure=\count86
\c@table=\count87
\abovecaptionskip=\skip41
\belowcaptionskip=\skip42
\bibindent=\dimen102
)
(/usr/share/texlive/texmf-dist/tex/latex/geometry/geometry.sty
Package: geometry 2010/09/12 v5.6 Page Geometry

(/usr/share/texlive/texmf-dist/tex/latex/graphics/keyval.sty
Package: keyval 2014/10/28 v1.15 key=value parser (DPC)
\KV@toks@=\toks14
)
(/usr/share/texlive/texmf-dist/tex/generic/oberdiek/ifpdf.sty
Package: ifpdf 2017/03/15 v3.2 Provides the ifpdf switch
)
(/usr/share/texlive/texmf-dist/tex/generic/oberdiek/ifvtex.sty
Package: ifvtex 2016/05/16 v1.6 Detect VTeX and its facilities (HO)
Package ifvtex Info: VTeX not detected.
)
(/usr/share/texlive/texmf-dist/tex/generic/ifxetex/ifxetex.sty
Package: ifxetex 2010/09/12 v0.6 Provides ifxetex conditional
)
\Gm@cnth=\count88
\Gm@cntv=\count89
\c@Gm@tempcnt=\count90
\Gm@bindingoffset=\dimen103
\Gm@wd@mp=\dimen104
\Gm@odd@mp=\dimen105
\Gm@even@mp=\dimen106
\Gm@layoutwidth=\dimen107
\Gm@layoutheight=\dimen108
\Gm@layouthoffset=\dimen109
\Gm@layoutvoffset=\dimen110
\Gm@dimlist=\toks15
)
(/usr/share/texlive/texmf-dist/tex/latex/base/fontenc.sty
Package: fontenc 2017/04/05 v2.0i Standard LaTeX package

(/usr/share/texlive/texmf-dist/tex/latex/base/t1enc.def
File: t1enc.def 2017/04/05 v2.0i Standard LaTeX file
LaTeX Font Info:    Redeclaring font encoding T1 on input line 48.
))
(/usr/share/texlive/texmf-dist/tex/latex/float/float.sty
Package: float 2001/11/08 v1.3d Float enhancements (AL)
\c@float@type=\count91
\float@exts=\toks16
\float@box=\box26
\@float@everytoks=\toks17
\@floatcapt=\box27
)
(/usr/share/texlive/texmf-dist/tex/latex/amsmath/amsmath.sty
Package: amsmath 2017/09/02 v2.17a AMS math features
\@mathmargin=\skip43

For additional information on amsmath, use the `?' option.
(/usr/share/texlive/texmf-dist/tex/latex/amsmath/amstext.sty
Package: amstext 2000/06/29 v2.01 AMS text

(/usr/share/texlive/texmf-dist/tex/latex/amsmath/amsgen.sty
File: amsgen.sty 1999/11/30 v2.0 generic functions
\@emptytoks=\toks18
\ex@=\dimen111
))
(/usr/share/texlive/texmf-dist/tex/latex/amsmath/amsbsy.sty
Package: amsbsy 1999/11/29 v1.2d Bold Symbols
\pmbraise@=\dimen112
)
(/usr/share/texlive/texmf-dist/tex/latex/amsmath/amsopn.sty
Package: amsopn 2016/03/08 v2.02 operator names
)
\inf@bad=\count92
LaTeX Info: Redefining \frac on input line 213.
\uproot@=\count93
\leftroot@=\count94
LaTeX Info: Redefining \overline on input line 375.
\classnum@=\count95
\DOTSCASE@=\count96
LaTeX Info: Redefining \ldots on input line 472.
LaTeX Info: Redefining \dots on input line 475.
LaTeX Info: Redefining \cdots on input line 596.
\Mathstrutbox@=\box28
\strutbox@=\box29
\big@size=\dimen113
LaTeX Font Info:    Redeclaring font encoding OML on input line 712.
LaTeX Font Info:    Redeclaring font encoding OMS on input line 713.
\macc@depth=\count97
\c@MaxMatrixCols=\count98
\dotsspace@=\muskip10
\c@parentequation=\count99
\dspbrk@lvl=\count100
\tag@help=\toks19
\row@=\count101
\column@=\count102
\maxfields@=\count103
\andhelp@=\toks20
\eqnshift@=\dimen114
\alignsep@=\dimen115
\tagshift@=\dimen116
\tagwidth@=\dimen117
\totwidth@=\dimen118
\lineht@=\dimen119
\@envbody=\toks21
\multlinegap=\skip44
\multlinetaggap=\skip45
\mathdisplay@stack=\toks22
LaTeX Info: Redefining \[ on input line 2817.
LaTeX Info: Redefining \] on input line 2818.
)
(/usr/share/texlive/texmf-dist/tex/latex/amsfonts/amssymb.sty
Package: amssymb 2013/01/14 v3.01 AMS font symbols

(/usr/share/texlive/texmf-dist/tex/latex/amsfonts/amsfonts.sty
Package: amsfonts 2013/01/14 v3.01 Basic AMSFonts support
\symAMSa=\mathgroup4
\symAMSb=\mathgroup5
LaTeX Font Info:    Overwriting math alphabet `\mathfrak' in version `bold'
(Font)                  U/euf/m/n --> U/euf/b/n on input line 106.
))
(/usr/share/texlive/texmf-dist/tex/latex/graphics/lscape.sty
Package: lscape 2000/10/22 v3.01 Landscape Pages (DPC)

(/usr/share/texlive/texmf-dist/tex/latex/graphics/graphics.sty
Package: graphics 2017/06/25 v1.2c Standard LaTeX Graphics (DPC,SPQR)

(/usr/share/texlive/texmf-dist/tex/latex/graphics/trig.sty
Package: trig 2016/01/03 v1.10 sin cos tan (DPC)
)
(/usr/share/texlive/texmf-dist/tex/latex/graphics-cfg/graphics.cfg
File: graphics.cfg 2016/06/04 v1.11 sample graphics configuration
)
Package graphics Info: Driver file: pdftex.def on input line 99.

(/usr/share/texlive/texmf-dist/tex/latex/graphics-def/pdftex.def
File: pdftex.def 2018/01/08 v1.0l Graphics/color driver for pdftex
)))
(/usr/share/texlive/texmf-dist/tex/latex/natbib/natbib.sty
Package: natbib 2010/09/13 8.31b (PWD, AO)
\bibhang=\skip46
\bibsep=\skip47
LaTeX Info: Redefining \cite on input line 694.
\c@NAT@ctr=\count104
)
(/usr/share/texlive/texmf-dist/tex/generic/babel/babel.sty
Package: babel 2018/02/14 3.18 The Babel package

(/usr/share/texlive/texmf-dist/tex/generic/babel/switch.def
File: switch.def 2018/02/14 3.18 Babel switching mechanism
)
(/usr/share/texlive/texmf-dist/tex/generic/babel-english/english.ldf
Language: english 2017/06/06 v3.3r English support from the babel system

(/usr/share/texlive/texmf-dist/tex/generic/babel/babel.def
File: babel.def 2018/02/14 3.18 Babel common definitions
\babel@savecnt=\count105
\U@D=\dimen120

(/usr/share/texlive/texmf-dist/tex/generic/babel/txtbabel.def)
\bbl@dirlevel=\count106
)
\l@canadian = a dialect from \language\l@american 
\l@australian = a dialect from \language\l@british 
\l@newzealand = a dialect from \language\l@british 
)
(/usr/share/texlive/texmf-dist/tex/generic/babel-spanish/spanish.ldf
Language: spanish.ldf 2016/03/03 v5.0p Spanish support from the babel system
\es@quottoks=\toks23
\es@quotdepth=\count107
Package babel Info: Making " an active character on input line 561.
Package babel Info: Making . an active character on input line 662.
Package babel Info: Making < an active character on input line 707.
Package babel Info: Making > an active character on input line 707.
))
LaTeX Info: Redefining \. on input line 11.
LaTeX Info: Redefining \% on input line 11.

(/usr/share/texlive/texmf-dist/tex/latex/graphics/graphicx.sty
Package: graphicx 2017/06/01 v1.1a Enhanced LaTeX Graphics (DPC,SPQR)
\Gin@req@height=\dimen121
\Gin@req@width=\dimen122
)
(/usr/share/texlive/texmf-dist/tex/latex/wrapfig/wrapfig.sty
\wrapoverhang=\dimen123
\WF@size=\dimen124
\c@WF@wrappedlines=\count108
\WF@box=\box30
\WF@everypar=\toks24
Package: wrapfig 2003/01/31  v 3.6
)
(/usr/share/texlive/texmf-dist/tex/latex/psfrag/psfrag.sty
Package: psfrag 1998/04/11 v3.04 PSfrag (MCG)
\pfg@pcount=\count109
\pfg@scount=\count110
\pfg@temp=\write3
)
(/usr/share/texlive/texmf-dist/tex/latex/quotchap/quotchap.sty
Package: quotchap 2012/10/20 v1.1 Decorative Chapter Headings with Quotes

(/usr/share/texlive/texmf-dist/tex/latex/graphics/color.sty
Package: color 2016/07/10 v1.1e Standard LaTeX Color (DPC)

(/usr/share/texlive/texmf-dist/tex/latex/graphics-cfg/color.cfg
File: color.cfg 2016/01/02 v1.6 sample color configuration
)
Package color Info: Driver file: pdftex.def on input line 147.
)
\@quotebox=\box31
)
(/usr/share/texlive/texmf-dist/tex/latex/graphics/epsfig.sty
Package: epsfig 2017/06/25 v1.7b (e)psfig emulation (SPQR)
\epsfxsize=\dimen125
\epsfysize=\dimen126
)
(/usr/share/texlive/texmf-dist/tex/generic/xypic/xy.sty
(/usr/share/texlive/texmf-dist/tex/generic/xypic/xy.tex Bootstrap'ing:
catcodes, docmode, (/usr/share/texlive/texmf-dist/tex/generic/xypic/xyrecat.tex
) (/usr/share/texlive/texmf-dist/tex/generic/xypic/xyidioms.tex)

 Xy-pic version 3.8.9 <2013/10/06>
 Copyright (c) 1991-2013 by Kristoffer H. Rose <krisrose@tug.org> and others
 Xy-pic is free software: see the User's Guide for details.

Loading kernel: messages; fonts; allocations: state,
\X@c=\dimen127
\Y@c=\dimen128
\U@c=\dimen129
\D@c=\dimen130
\L@c=\dimen131
\R@c=\dimen132
\Edge@c=\toks25
\X@p=\dimen133
\Y@p=\dimen134
\U@p=\dimen135
\D@p=\dimen136
\L@p=\dimen137
\R@p=\dimen138
\Edge@p=\toks26
\X@origin=\dimen139
\Y@origin=\dimen140
\X@xbase=\dimen141
\Y@xbase=\dimen142
\X@ybase=\dimen143
\Y@ybase=\dimen144
\X@min=\dimen145
\Y@min=\dimen146
\X@max=\dimen147
\Y@max=\dimen148
\lastobjectbox@=\box32
\zerodotbox@=\box33
\almostz@=\dimen149
 direction,
\d@X=\dimen150
\d@Y=\dimen151
\K@=\count111
\KK@=\count112
\Direction=\count113
\K@dXdY=\dimen152
\K@dYdX=\dimen153
\xyread@=\read1
\xywrite@=\write4
\csp@=\count114
\quotPTK@=\dimen154

utility macros; pictures: \xy, positions,
\swaptoks@@=\toks27
\connectobjectbox@@=\box34
 objects,
\styletoks@=\toks28
 decorations;
kernel objects: directionals, circles, text; options; algorithms: directions,
edges, connections;  Xy-pic loaded)
Package: xy 2013/10/06 Xy-pic version 3.8.9

(/usr/share/texlive/texmf-dist/tex/generic/xypic/xyall.tex
 Xy-pic option: All features v.3.8
(/usr/share/texlive/texmf-dist/tex/generic/xypic/xycurve.tex
 Xy-pic option: Curve and Spline extension v.3.12 curve,
\crv@cnt@=\count115
\crvpts@=\toks29
\splinebox@=\box35
\splineval@=\dimen155
\splinedepth@=\dimen156
\splinetol@=\dimen157
\splinelength@=\dimen158
 circles,
\L@=\dimen159
 loaded)
(/usr/share/texlive/texmf-dist/tex/generic/xypic/xyframe.tex
 Xy-pic option: Frame and Bracket extension v.3.14 loaded)
(/usr/share/texlive/texmf-dist/tex/generic/xypic/xycmtip.tex
 Xy-pic option: Computer Modern tip extension v.3.7
(/usr/share/texlive/texmf-dist/tex/generic/xypic/xytips.tex
 Xy-pic option: More Tips extension v.3.11 loaded) loaded)
(/usr/share/texlive/texmf-dist/tex/generic/xypic/xyline.tex
 Xy-pic option: Line styles extension v.3.10
\xylinethick@=\dimen160
 loaded)
(/usr/share/texlive/texmf-dist/tex/generic/xypic/xyrotate.tex
 Xy-pic option: Rotate and Scale extension v.3.8 loaded)
(/usr/share/texlive/texmf-dist/tex/generic/xypic/xycolor.tex
 Xy-pic option: Colour extension v.3.11 loaded)
(/usr/share/texlive/texmf-dist/tex/generic/xypic/xymatrix.tex
 Xy-pic option: Matrix feature v.3.14
\Row=\count116
\Col=\count117
\queue@=\toks30
\queue@@=\toks31
\qcount@=\count118
\qcount@@=\count119
\matrixsize@=\count120
 loaded)
(/usr/share/texlive/texmf-dist/tex/generic/xypic/xyarrow.tex
 Xy-pic option: Arrow and Path feature v.3.9 path, \ar, loaded)
(/usr/share/texlive/texmf-dist/tex/generic/xypic/xygraph.tex
 Xy-pic option: Graph feature v.3.11 loaded) loaded)
(/usr/share/texlive/texmf-dist/tex/generic/xypic/xypdf.tex
 Xy-pic option: PDF driver v.1.7 Xy-pic pdf driver: `color' extension support
(/usr/share/texlive/texmf-dist/tex/generic/xypic/xypdf-co.tex loaded)
Xy-pic pdf driver: `curve' extension support
(/usr/share/texlive/texmf-dist/tex/generic/xypic/xypdf-cu.tex loaded)
Xy-pic pdf driver: `frame' extension support
(/usr/share/texlive/texmf-dist/tex/generic/xypic/xypdf-fr.tex loaded)
Xy-pic pdf driver: `line' extension support
(/usr/share/texlive/texmf-dist/tex/generic/xypic/xypdf-li.tex loaded)
Xy-pic pdf driver: `rotate' extension support
(/usr/share/texlive/texmf-dist/tex/generic/xypic/xypdf-ro.tex loaded) loaded))
(/usr/share/texlive/texmf-dist/tex/latex/base/makeidx.sty
Package: makeidx 2014/09/29 v1.0m Standard LaTeX package
)
(/usr/share/texlive/texmf-dist/tex/latex/base/ifthen.sty
Package: ifthen 2014/09/29 v1.1c Standard LaTeX ifthen package (DPC)
) (./multicolpar.sty
\columnsleft=\count121
\totalcolumns=\count122
\separation=\dimen161
)
(./multicol.sty
Style option: `multicol' v1.4m <92/09/04> (FMi)
English documentation          <92/09/04> (FMi)
\mult@box=\box36
\multicol@leftmargin=\dimen162
\c@unbalance=\count123
\c@collectmore=\count124
\c@tracingmulticols=\count125
\col@number=\count126
\doublecol@number=\count127
\multicoltolerance=\count128
\multicolpretolerance=\count129
\full@width=\dimen163
\page@free=\dimen164
\premulticols=\dimen165
\postmulticols=\dimen166
\multicolsep=\skip48
\multicolbaselineskip=\skip49
\partial@page=\box37
\last@line=\box38
) (/usr/share/texlive/texmf-dist/tex/latex/multirow/multirow.sty
Package: multirow 2016/11/25 v2.2 Span multiple rows of a table
\multirow@colwidth=\skip50
\multirow@cntb=\count130
\multirow@dima=\skip51
\bigstrutjot=\dimen167
)
(/usr/share/texlive/texmf-dist/tex/latex/url/url.sty
\Urlmuskip=\muskip11
Package: url 2013/09/16  ver 3.4  Verb mode for urls, etc.
)
(/usr/share/texlive/texmf-dist/tex/latex/marvosym/marvosym.sty
Package: marvosym 2011/07/20 v2.2 Martin Vogel's Symbols font definitions
)
(/usr/share/texlive/texmf-dist/tex/latex/fancybox/fancybox.sty
Package: fancybox 2010/05/15 1.4

Style option: `fancybox' v1.4 <2010/05/15> (tvz)
\@fancybox=\box39
\shadowsize=\dimen168
\@Sbox=\box40
\do@VerbBox=\toks32
\the@fancyput=\toks33
\this@fancyput=\toks34
\EndVerbatimTokens=\toks35
\Verbatim@Outfile=\write5
\Verbatim@Infile=\read2
) (/usr/share/texlive/texmf-dist/tex/latex/upquote/upquote.sty
Package: upquote 2012/04/19 v1.3 upright-quote and grave-accent glyphs in verba
tim

(/usr/share/texlive/texmf-dist/tex/latex/base/textcomp.sty
Package: textcomp 2017/04/05 v2.0i Standard LaTeX package
Package textcomp Info: Sub-encoding information:
(textcomp)               5 = only ISO-Adobe without \textcurrency
(textcomp)               4 = 5 + \texteuro
(textcomp)               3 = 4 + \textohm
(textcomp)               2 = 3 + \textestimated + \textcurrency
(textcomp)               1 = TS1 - \textcircled - \t
(textcomp)               0 = TS1 (full)
(textcomp)             Font families with sub-encoding setting implement
(textcomp)             only a restricted character set as indicated.
(textcomp)             Family '?' is the default used for unknown fonts.
(textcomp)             See the documentation for details.
Package textcomp Info: Setting ? sub-encoding to TS1/1 on input line 79.

(/usr/share/texlive/texmf-dist/tex/latex/base/ts1enc.def
File: ts1enc.def 2001/06/05 v3.0e (jk/car/fm) Standard LaTeX file
)
LaTeX Info: Redefining \oldstylenums on input line 334.
Package textcomp Info: Setting cmr sub-encoding to TS1/0 on input line 349.
Package textcomp Info: Setting cmss sub-encoding to TS1/0 on input line 350.
Package textcomp Info: Setting cmtt sub-encoding to TS1/0 on input line 351.
Package textcomp Info: Setting cmvtt sub-encoding to TS1/0 on input line 352.
Package textcomp Info: Setting cmbr sub-encoding to TS1/0 on input line 353.
Package textcomp Info: Setting cmtl sub-encoding to TS1/0 on input line 354.
Package textcomp Info: Setting ccr sub-encoding to TS1/0 on input line 355.
Package textcomp Info: Setting ptm sub-encoding to TS1/4 on input line 356.
Package textcomp Info: Setting pcr sub-encoding to TS1/4 on input line 357.
Package textcomp Info: Setting phv sub-encoding to TS1/4 on input line 358.
Package textcomp Info: Setting ppl sub-encoding to TS1/3 on input line 359.
Package textcomp Info: Setting pag sub-encoding to TS1/4 on input line 360.
Package textcomp Info: Setting pbk sub-encoding to TS1/4 on input line 361.
Package textcomp Info: Setting pnc sub-encoding to TS1/4 on input line 362.
Package textcomp Info: Setting pzc sub-encoding to TS1/4 on input line 363.
Package textcomp Info: Setting bch sub-encoding to TS1/4 on input line 364.
Package textcomp Info: Setting put sub-encoding to TS1/5 on input line 365.
Package textcomp Info: Setting uag sub-encoding to TS1/5 on input line 366.
Package textcomp Info: Setting ugq sub-encoding to TS1/5 on input line 367.
Package textcomp Info: Setting ul8 sub-encoding to TS1/4 on input line 368.
Package textcomp Info: Setting ul9 sub-encoding to TS1/4 on input line 369.
Package textcomp Info: Setting augie sub-encoding to TS1/5 on input line 370.
Package textcomp Info: Setting dayrom sub-encoding to TS1/3 on input line 371.
Package textcomp Info: Setting dayroms sub-encoding to TS1/3 on input line 372.

Package textcomp Info: Setting pxr sub-encoding to TS1/0 on input line 373.
Package textcomp Info: Setting pxss sub-encoding to TS1/0 on input line 374.
Package textcomp Info: Setting pxtt sub-encoding to TS1/0 on input line 375.
Package textcomp Info: Setting txr sub-encoding to TS1/0 on input line 376.
Package textcomp Info: Setting txss sub-encoding to TS1/0 on input line 377.
Package textcomp Info: Setting txtt sub-encoding to TS1/0 on input line 378.
Package textcomp Info: Setting lmr sub-encoding to TS1/0 on input line 379.
Package textcomp Info: Setting lmdh sub-encoding to TS1/0 on input line 380.
Package textcomp Info: Setting lmss sub-encoding to TS1/0 on input line 381.
Package textcomp Info: Setting lmssq sub-encoding to TS1/0 on input line 382.
Package textcomp Info: Setting lmvtt sub-encoding to TS1/0 on input line 383.
Package textcomp Info: Setting lmtt sub-encoding to TS1/0 on input line 384.
Package textcomp Info: Setting qhv sub-encoding to TS1/0 on input line 385.
Package textcomp Info: Setting qag sub-encoding to TS1/0 on input line 386.
Package textcomp Info: Setting qbk sub-encoding to TS1/0 on input line 387.
Package textcomp Info: Setting qcr sub-encoding to TS1/0 on input line 388.
Package textcomp Info: Setting qcs sub-encoding to TS1/0 on input line 389.
Package textcomp Info: Setting qpl sub-encoding to TS1/0 on input line 390.
Package textcomp Info: Setting qtm sub-encoding to TS1/0 on input line 391.
Package textcomp Info: Setting qzc sub-encoding to TS1/0 on input line 392.
Package textcomp Info: Setting qhvc sub-encoding to TS1/0 on input line 393.
Package textcomp Info: Setting futs sub-encoding to TS1/4 on input line 394.
Package textcomp Info: Setting futx sub-encoding to TS1/4 on input line 395.
Package textcomp Info: Setting futj sub-encoding to TS1/4 on input line 396.
Package textcomp Info: Setting hlh sub-encoding to TS1/3 on input line 397.
Package textcomp Info: Setting hls sub-encoding to TS1/3 on input line 398.
Package textcomp Info: Setting hlst sub-encoding to TS1/3 on input line 399.
Package textcomp Info: Setting hlct sub-encoding to TS1/5 on input line 400.
Package textcomp Info: Setting hlx sub-encoding to TS1/5 on input line 401.
Package textcomp Info: Setting hlce sub-encoding to TS1/5 on input line 402.
Package textcomp Info: Setting hlcn sub-encoding to TS1/5 on input line 403.
Package textcomp Info: Setting hlcw sub-encoding to TS1/5 on input line 404.
Package textcomp Info: Setting hlcf sub-encoding to TS1/5 on input line 405.
Package textcomp Info: Setting pplx sub-encoding to TS1/3 on input line 406.
Package textcomp Info: Setting pplj sub-encoding to TS1/3 on input line 407.
Package textcomp Info: Setting ptmx sub-encoding to TS1/4 on input line 408.
Package textcomp Info: Setting ptmj sub-encoding to TS1/4 on input line 409.
))
(/usr/share/texlive/texmf-dist/tex/latex/xcolor/xcolor.sty
Package: xcolor 2016/05/11 v2.12 LaTeX color extensions (UK)

(/usr/share/texlive/texmf-dist/tex/latex/graphics-cfg/color.cfg
File: color.cfg 2016/01/02 v1.6 sample color configuration
)
Package xcolor Info: Driver file: pdftex.def on input line 225.
LaTeX Info: Redefining \color on input line 709.
Package xcolor Info: Model `cmy' substituted by `cmy0' on input line 1348.
Package xcolor Info: Model `hsb' substituted by `rgb' on input line 1352.
Package xcolor Info: Model `RGB' extended on input line 1364.
Package xcolor Info: Model `HTML' substituted by `rgb' on input line 1366.
Package xcolor Info: Model `Hsb' substituted by `hsb' on input line 1367.
Package xcolor Info: Model `tHsb' substituted by `hsb' on input line 1368.
Package xcolor Info: Model `HSB' substituted by `hsb' on input line 1369.
Package xcolor Info: Model `Gray' substituted by `gray' on input line 1370.
Package xcolor Info: Model `wave' substituted by `hsb' on input line 1371.
)
(/usr/share/texlive/texmf-dist/tex/latex/listings/listings.sty
\lst@mode=\count131
\lst@gtempboxa=\box41
\lst@token=\toks36
\lst@length=\count132
\lst@currlwidth=\dimen169
\lst@column=\count133
\lst@pos=\count134
\lst@lostspace=\dimen170
\lst@width=\dimen171
\lst@newlines=\count135
\lst@lineno=\count136
\lst@maxwidth=\dimen172

(/usr/share/texlive/texmf-dist/tex/latex/listings/lstmisc.sty
File: lstmisc.sty 2015/06/04 1.6 (Carsten Heinz)
\c@lstnumber=\count137
\lst@skipnumbers=\count138
\lst@framebox=\box42
)
(/usr/share/texlive/texmf-dist/tex/latex/listings/listings.cfg
File: listings.cfg 2015/06/04 1.6 listings configuration
))
Package: listings 2015/06/04 1.6 (Carsten Heinz)

(/usr/share/texlive/texmf-dist/tex/latex/caption/caption.sty
Package: caption 2016/02/21 v3.3-144 Customizing captions (AR)

(/usr/share/texlive/texmf-dist/tex/latex/caption/caption3.sty
Package: caption3 2016/05/22 v1.7-166 caption3 kernel (AR)
Package caption3 Info: TeX engine: e-TeX on input line 67.
\captionmargin=\dimen173
\captionmargin@=\dimen174
\captionwidth=\dimen175
\caption@tempdima=\dimen176
\caption@indent=\dimen177
\caption@parindent=\dimen178
\caption@hangindent=\dimen179
)
\c@ContinuedFloat=\count139
Package caption Info: float package is loaded.
Package caption Info: listings package is loaded.
Package caption Info: wrapfig package is loaded.
)
(/usr/share/texlive/texmf-dist/tex/latex/listings/lstlang1.sty
File: lstlang1.sty 2015/06/04 1.6 listings language file
)
(/usr/share/texlive/texmf-dist/tex/latex/fancyhdr/fancyhdr.sty
Package: fancyhdr 2017/06/30 v3.9a Extensive control of page headers and footer
s
\f@nch@headwidth=\skip52
\f@nch@O@elh=\skip53
\f@nch@O@erh=\skip54
\f@nch@O@olh=\skip55
\f@nch@O@orh=\skip56
\f@nch@O@elf=\skip57
\f@nch@O@erf=\skip58
\f@nch@O@olf=\skip59
\f@nch@O@orf=\skip60
)
\salto=\skip61
\resalto=\skip62

(./PLANTILLA_TFG.aux
LaTeX Info: Redefining \. on input line 6.
LaTeX Info: Redefining \% on input line 6.
LaTeX Info: Redefining \. on input line 7.
LaTeX Info: Redefining \% on input line 7.


LaTeX Warning: Label `sect:rv_sickness' multiply defined.


LaTeX Warning: Label `fig:browser2' multiply defined.

)
\openout1 = `PLANTILLA_TFG.aux'.

LaTeX Font Info:    Checking defaults for OML/cmm/m/it on input line 129.
LaTeX Font Info:    ... okay on input line 129.
LaTeX Font Info:    Checking defaults for T1/cmr/m/n on input line 129.
LaTeX Font Info:    ... okay on input line 129.
LaTeX Font Info:    Checking defaults for OT1/cmr/m/n on input line 129.
LaTeX Font Info:    ... okay on input line 129.
LaTeX Font Info:    Checking defaults for OMS/cmsy/m/n on input line 129.
LaTeX Font Info:    ... okay on input line 129.
LaTeX Font Info:    Checking defaults for OMX/cmex/m/n on input line 129.
LaTeX Font Info:    ... okay on input line 129.
LaTeX Font Info:    Checking defaults for U/cmr/m/n on input line 129.
LaTeX Font Info:    ... okay on input line 129.
LaTeX Font Info:    Checking defaults for TS1/cmr/m/n on input line 129.
LaTeX Font Info:    Try loading font information for TS1+cmr on input line 129.

 (/usr/share/texlive/texmf-dist/tex/latex/base/ts1cmr.fd
File: ts1cmr.fd 2014/09/29 v2.5h Standard LaTeX font definitions
)
LaTeX Font Info:    ... okay on input line 129.

*geometry* driver: auto-detecting
*geometry* detected driver: pdftex
*geometry* verbose mode - [ preamble ] result:
* driver: pdftex
* paper: a4paper
* layout: <same size as paper>
* layoutoffset:(h,v)=(0.0pt,0.0pt)
* modes: twoside 
* h-part:(L,W,R)=(72.26999pt, 452.9679pt, 72.26999pt)
* v-part:(T,H,B)=(43.36243pt, 700.27777pt, 101.40665pt)
* \paperwidth=597.50787pt
* \paperheight=845.04684pt
* \textwidth=452.9679pt
* \textheight=700.27777pt
* \oddsidemargin=0.0pt
* \evensidemargin=0.0pt
* \topmargin=-60.78136pt
* \headheight=12.0pt
* \headsep=19.8738pt
* \topskip=11.0pt
* \footskip=27.46295pt
* \marginparwidth=106.0pt
* \marginparsep=7.0pt
* \columnsep=10.0pt
* \skip\footins=10.0pt plus 4.0pt minus 2.0pt
* \hoffset=0.0pt
* \voffset=0.0pt
* \mag=1000
* \@twocolumnfalse
* \@twosidetrue
* \@mparswitchtrue
* \@reversemarginfalse
* (1in=72.27pt=25.4mm, 1cm=28.453pt)

(/usr/share/texlive/texmf-dist/tex/context/base/mkii/supp-pdf.mkii
[Loading MPS to PDF converter (version 2006.09.02).]
\scratchcounter=\count140
\scratchdimen=\dimen180
\scratchbox=\box43
\nofMPsegments=\count141
\nofMParguments=\count142
\everyMPshowfont=\toks37
\MPscratchCnt=\count143
\MPscratchDim=\dimen181
\MPnumerator=\count144
\makeMPintoPDFobject=\count145
\everyMPtoPDFconversion=\toks38
) (/usr/share/texlive/texmf-dist/tex/latex/oberdiek/epstopdf-base.sty
Package: epstopdf-base 2016/05/15 v2.6 Base part for package epstopdf

(/usr/share/texlive/texmf-dist/tex/generic/oberdiek/infwarerr.sty
Package: infwarerr 2016/05/16 v1.4 Providing info/warning/error messages (HO)
)
(/usr/share/texlive/texmf-dist/tex/latex/oberdiek/grfext.sty
Package: grfext 2016/05/16 v1.2 Manage graphics extensions (HO)

(/usr/share/texlive/texmf-dist/tex/generic/oberdiek/kvdefinekeys.sty
Package: kvdefinekeys 2016/05/16 v1.4 Define keys (HO)

(/usr/share/texlive/texmf-dist/tex/generic/oberdiek/ltxcmds.sty
Package: ltxcmds 2016/05/16 v1.23 LaTeX kernel commands for general use (HO)
)))
(/usr/share/texlive/texmf-dist/tex/latex/oberdiek/kvoptions.sty
Package: kvoptions 2016/05/16 v3.12 Key value format for package options (HO)

(/usr/share/texlive/texmf-dist/tex/generic/oberdiek/kvsetkeys.sty
Package: kvsetkeys 2016/05/16 v1.17 Key value parser (HO)

(/usr/share/texlive/texmf-dist/tex/generic/oberdiek/etexcmds.sty
Package: etexcmds 2016/05/16 v1.6 Avoid name clashes with e-TeX commands (HO)

(/usr/share/texlive/texmf-dist/tex/generic/oberdiek/ifluatex.sty
Package: ifluatex 2016/05/16 v1.4 Provides the ifluatex switch (HO)
Package ifluatex Info: LuaTeX not detected.
)
Package etexcmds Info: Could not find \expanded.
(etexcmds)             That can mean that you are not using pdfTeX 1.50 or
(etexcmds)             that some package has redefined \expanded.
(etexcmds)             In the latter case, load this package earlier.
)))
(/usr/share/texlive/texmf-dist/tex/generic/oberdiek/pdftexcmds.sty
Package: pdftexcmds 2018/01/21 v0.26 Utility functions of pdfTeX for LuaTeX (HO
)
Package pdftexcmds Info: LuaTeX not detected.
Package pdftexcmds Info: \pdf@primitive is available.
Package pdftexcmds Info: \pdf@ifprimitive is available.
Package pdftexcmds Info: \pdfdraftmode found.
)
Package epstopdf-base Info: Redefining graphics rule for `.eps' on input line 4
38.
Package grfext Info: Graphics extension search list:
(grfext)             [.pdf,.png,.jpg,.mps,.jpeg,.jbig2,.jb2,.PDF,.PNG,.JPG,.JPE
G,.JBIG2,.JB2,.eps]
(grfext)             \AppendGraphicsExtensions on input line 456.

(/usr/share/texlive/texmf-dist/tex/latex/latexconfig/epstopdf-sys.cfg
File: epstopdf-sys.cfg 2010/07/13 v1.3 Configuration of (r)epstopdf for TeX Liv
e
))
LaTeX Info: Redefining \. on input line 129.
LaTeX Info: Redefining \% on input line 129.
LaTeX Font Info:    Try loading font information for U+msa on input line 129.

(/usr/share/texlive/texmf-dist/tex/latex/amsfonts/umsa.fd
File: umsa.fd 2013/01/14 v3.01 AMS symbols A
)
LaTeX Font Info:    Try loading font information for U+msb on input line 129.

(/usr/share/texlive/texmf-dist/tex/latex/amsfonts/umsb.fd
File: umsb.fd 2013/01/14 v3.01 AMS symbols B
)
Package xypdf Info: Line width: 0.43799pt on input line 129.
\c@lstlisting=\count146
Package caption Info: Begin \AtBeginDocument code.
Package caption Info: End \AtBeginDocument code.
 (./portada.tex
Package epstopdf Info: Source file: <images/logo_eps.eps>
(epstopdf)                    date: 2018-09-17 18:48:58
(epstopdf)                    size: 1349715 bytes
(epstopdf)             Output file: <images/logo_eps-eps-converted-to.pdf>
(epstopdf)                    date: 2018-09-17 18:48:58
(epstopdf)                    size: 42740 bytes
(epstopdf)             Command: <repstopdf --outfile=images/logo_eps-eps-conver
ted-to.pdf images/logo_eps.eps>
(epstopdf)             \includegraphics on input line 18.
Package epstopdf Info: Output file is already uptodate.
<images/logo_eps-eps-converted-to.pdf, id=1, 515.9275pt x 450.68375pt>
File: images/logo_eps-eps-converted-to.pdf Graphic file (type pdf)
<use images/logo_eps-eps-converted-to.pdf>
Package pdftex.def Info: images/logo_eps-eps-converted-to.pdf  used on input li
ne 18.
(pdftex.def)             Requested size: 112.10844pt x 97.92664pt.
Package epstopdf Info: Source file: <images/logo_uam.eps>
(epstopdf)                    date: 2018-09-17 18:48:58
(epstopdf)                    size: 868675 bytes
(epstopdf)             Output file: <images/logo_uam-eps-converted-to.pdf>
(epstopdf)                    date: 2018-09-17 18:48:58
(epstopdf)                    size: 118930 bytes
(epstopdf)             Command: <repstopdf --outfile=images/logo_uam-eps-conver
ted-to.pdf images/logo_uam.eps>
(epstopdf)             \includegraphics on input line 21.
Package epstopdf Info: Output file is already uptodate.
<images/logo_uam-eps-converted-to.pdf, id=2, 462.72874pt x 285.065pt>
File: images/logo_uam-eps-converted-to.pdf Graphic file (type pdf)
<use images/logo_uam-eps-converted-to.pdf>
Package pdftex.def Info: images/logo_uam-eps-converted-to.pdf  used on input li
ne 21.
(pdftex.def)             Requested size: 112.10844pt x 69.06075pt.

[1
Non-PDF special ignored!


{/var/lib/texmf/fonts/map/pdftex/updmap/pdftex.map} <./images/logo_eps-eps-conv
erted-to.pdf> <./images/logo_uam-eps-converted-to.pdf>]) [2

] (./primera_pag.tex
LaTeX Font Info:    Try loading font information for T1+pbk on input line 1.

(/usr/share/texlive/texmf-dist/tex/latex/psnfss/t1pbk.fd
File: t1pbk.fd 2001/06/04 font definitions for T1/pbk.
)
LaTeX Font Info:    Font shape `T1/pbk/b/n' in size <20.74> not available
(Font)              Font shape `T1/pbk/db/n' tried instead on input line 1.
LaTeX Font Info:    Font shape `T1/pbk/b/n' in size <100> not available
(Font)              Font shape `T1/pbk/db/n' tried instead on input line 1.


Package xcolor Warning: Incompatible color definition on input line 1.

[1

]) (./resumen.tex [2

]

Package xcolor Warning: Incompatible color definition on input line 1.

[3]) (./agradecimientos.tex

Package Fancyhdr Warning: \headheight is too small (12.0pt): 
 Make it at least 13.59999pt.
 We now make it that large for the rest of the document.
 This may cause the page layout to be inconsistent, however.

[4]

Package xcolor Warning: Incompatible color definition on input line 1.

) [5

]
LaTeX Info: Redefining \. on input line 143.
LaTeX Info: Redefining \% on input line 143.
 [6

]

Package xcolor Warning: Incompatible color definition on input line 143.

(./PLANTILLA_TFG.toc
LaTeX Info: Redefining \. on input line 1.
LaTeX Info: Redefining \% on input line 1.
LaTeX Info: Redefining \. on input line 2.
LaTeX Info: Redefining \% on input line 2.
 [7])
\tf@toc=\write6
\openout6 = `PLANTILLA_TFG.toc'.

LaTeX Info: Redefining \. on input line 145.
LaTeX Info: Redefining \% on input line 145.
 [8]

Package xcolor Warning: Incompatible color definition on input line 149.

(./PLANTILLA_TFG.lof
LaTeX Info: Redefining \. on input line 1.
LaTeX Info: Redefining \% on input line 1.
LaTeX Info: Redefining \. on input line 2.
LaTeX Info: Redefining \% on input line 2.
LaTeX Font Info:    Try loading font information for T1+cmtt on input line 5.
 (/usr/share/texlive/texmf-dist/tex/latex/base/t1cmtt.fd
File: t1cmtt.fd 2014/09/29 v2.5h Standard LaTeX font definitions
)
Overfull \hbox (6.11896pt too wide) in paragraph at lines 5--5
 [][] []\T1/cmr/m/n/10.95 Modelo de ci-clo de vi-da in-cre-men-tal ite-ra-ti-vo
. Fuente:$\T1/cmtt/m/n/10.95 https : / / upload . wikimedia . 
 []


Overfull \hbox (1.01335pt too wide) in paragraph at lines 7--7
 [][] []\T1/cmr/m/n/10.95 Videoconsola \T1/cmr/m/it/10.95 Vir-tual Boy \T1/cmr/
m/n/10.95 de Nin-ten-do Com-pany. (1995) Fuente:$\T1/cmtt/m/n/10.95 https : / /
 upload . 
 []


Overfull \hbox (23.2167pt too wide) in paragraph at lines 10--10
 [][] []\T1/cmr/m/n/10.95 Vía pi-ra-midal mo-to-ra. Fuente:$\T1/cmtt/m/n/10.95 
https : / / upload . wikimedia . org / wikipedia / commons / 
 []


Overfull \hbox (6.59778pt too wide) in paragraph at lines 13--13
 \T1/cmtt/m/n/10.95 upload . wikimedia . org / wikipedia / commons / 2 / 26 / L
ondon _ bus _ and _ telephone _ 
 []


Overfull \hbox (8.92688pt too wide) in paragraph at lines 14--14
 [][] []\T1/cmr/m/n/10.95 Ejemplo de ro-ta-cio-nes po-si-bles so-bre un ob-je-t
o, en es-te ca-so un avión. Fuente:$\T1/cmtt/m/n/10.95 https : 
 []


Overfull \hbox (23.57289pt too wide) in paragraph at lines 14--14
 \T1/cmtt/m/n/10.95 / / upload . wikimedia . org / wikipedia / commons / 5 / 54
 / Flight _ dynamics _ with _ text . 
 []


Overfull \hbox (0.9394pt too wide) in paragraph at lines 15--15
 \T1/cmtt/m/n/10.95 org / wikipedia / commons / 9 / 9c / Oculus _ Rift _ Develo
pment _ kit _ 2 _ positional _ 
 []

[9

])
\tf@lof=\write7
\openout7 = `PLANTILLA_TFG.lof'.

LaTeX Info: Redefining \. on input line 151.
LaTeX Info: Redefining \% on input line 151.
 [10]

Package xcolor Warning: Incompatible color definition on input line 155.

(./PLANTILLA_TFG.lot
LaTeX Info: Redefining \. on input line 1.
LaTeX Info: Redefining \% on input line 1.
LaTeX Info: Redefining \. on input line 2.
LaTeX Info: Redefining \% on input line 2.
)
\tf@lot=\write8
\openout8 = `PLANTILLA_TFG.lot'.

 [11

] [12

] (./cap_intro.tex
Cap\'{\i }tulo 1.

Package xcolor Warning: Incompatible color definition on input line 1.

[1

]) (./cap_estadodelarte.tex [2

]
Cap\'{\i }tulo 2.

Package xcolor Warning: Incompatible color definition on input line 1.

<images/virtualboy.jpg, id=78, 1102.1175pt x 885.3075pt>
File: images/virtualboy.jpg Graphic file (type jpg)
<use images/virtualboy.jpg>
Package pdftex.def Info: images/virtualboy.jpg  used on input line 19.
(pdftex.def)             Requested size: 226.48395pt x 181.92148pt.
<images/vrmario.jpg, id=79, 501.875pt x 327.2225pt>
File: images/vrmario.jpg Graphic file (type jpg)
<use images/vrmario.jpg>
Package pdftex.def Info: images/vrmario.jpg  used on input line 19.
(pdftex.def)             Requested size: 226.48395pt x 147.66817pt.

Underfull \hbox (badness 10000) in paragraph at lines 20--20
\T1/cmr/m/n/10.95 Fuente:$\T1/cmtt/m/n/10.95 https : / / upload . wikimedia . o
rg / wikipedia / commons / c / ce /
 []

[3]
LaTeX Info: Redefining \. on input line 43.
LaTeX Info: Redefining \% on input line 43.
 [4 <./images/virtualboy.jpg> <./images/vrmario.jpg>]
LaTeX Font Info:    Try loading font information for U+mvs on input line 43.

(/usr/share/texlive/texmf-dist/tex/latex/marvosym/umvs.fd)
<images/archos.jpg, id=86, 1027.84pt x 683.55376pt>
File: images/archos.jpg Graphic file (type jpg)
<use images/archos.jpg>
Package pdftex.def Info: images/archos.jpg  used on input line 50.
(pdftex.def)             Requested size: 135.89174pt x 90.36705pt.
<images/gear.jpg, id=87, 5203.44pt x 3468.96pt>
File: images/gear.jpg Graphic file (type jpg)
<use images/gear.jpg>
Package pdftex.def Info: images/gear.jpg  used on input line 50.
(pdftex.def)             Requested size: 135.89174pt x 90.56665pt.
<images/cardboard.jpg, id=88, 822.07124pt x 722.7pt>
File: images/cardboard.jpg Graphic file (type jpg)
<use images/cardboard.jpg>
Package pdftex.def Info: images/cardboard.jpg  used on input line 50.
(pdftex.def)             Requested size: 135.89174pt x 119.46089pt.
<images/unity.jpg, id=89, 1027.84pt x 584.1825pt>
File: images/unity.jpg Graphic file (type jpg)
<use images/unity.jpg>
Package pdftex.def Info: images/unity.jpg  used on input line 63.
(pdftex.def)             Requested size: 452.9679pt x 257.45113pt.
LaTeX Info: Redefining \. on input line 75.
LaTeX Info: Redefining \% on input line 75.
 [5 <./images/archos.jpg> <./images/gear.jpg> <./images/cardboard.jpg>]
<images/motoneurona.png, id=95, 374.90062pt x 459.21562pt>
File: images/motoneurona.png Graphic file (type png)
<use images/motoneurona.png>
Package pdftex.def Info: images/motoneurona.png  used on input line 106.
(pdftex.def)             Requested size: 271.7835pt x 332.9263pt.
LaTeX Info: Redefining \. on input line 109.
LaTeX Info: Redefining \% on input line 109.
 [6 <./images/unity.jpg>]
LaTeX Info: Redefining \. on input line 120.
LaTeX Info: Redefining \% on input line 120.

[7 <./images/motoneurona.png>]
LaTeX Info: Redefining \. on input line 128.
LaTeX Info: Redefining \% on input line 128.
 [8]) (./cap_sistemadesarrollado.tex
Cap\'{\i }tulo 3.

Package xcolor Warning: Incompatible color definition on input line 1.

[9

]
<images/distanciafusion.png, id=112, 306.39468pt x 457.71pt>
File: images/distanciafusion.png Graphic file (type png)
<use images/distanciafusion.png>
Package pdftex.def Info: images/distanciafusion.png  used on input line 18.
(pdftex.def)             Requested size: 226.48395pt x 338.33693pt.

Underfull \vbox (badness 10000) has occurred while \output is active []

LaTeX Info: Redefining \. on input line 28.
LaTeX Info: Redefining \% on input line 28.
 [10 <./images/distanciafusion.png>]
<images/motionblur.jpg, id=116, 1123.49738pt x 749.199pt>
File: images/motionblur.jpg Graphic file (type jpg)
<use images/motionblur.jpg>
Package pdftex.def Info: images/motionblur.jpg  used on input line 36.
(pdftex.def)             Requested size: 226.48395pt x 151.02605pt.
<images/imgdk2.jpg, id=117, 1919.17pt x 1080.035pt>
File: images/imgdk2.jpg Graphic file (type jpg)
<use images/imgdk2.jpg>
Package pdftex.def Info: images/imgdk2.jpg  used on input line 36.
(pdftex.def)             Requested size: 226.48395pt x 127.4562pt.

Underfull \hbox (badness 10000) in paragraph at lines 37--37
\T1/cmr/m/n/10.95 Fuente:$\T1/cmtt/m/n/10.95 https : / / upload . wikimedia . o
rg / wikipedia / commons / 2 / 26 / London _ bus _ and _
 []

<images/ryp.png, id=118, 2055.68pt x 1541.76pt>
File: images/ryp.png Graphic file (type png)
<use images/ryp.png>
Package pdftex.def Info: images/ryp.png  used on input line 51.
(pdftex.def)             Requested size: 226.48395pt x 169.8529pt.

Underfull \hbox (badness 10000) in paragraph at lines 52--52
\T1/cmr/m/n/10.95 Fuente:$\T1/cmtt/m/n/10.95 https : / / upload . wikimedia . o
rg / wikipedia / commons / 5 / 54 / Flight _ dynamics _ with _
 []

LaTeX Info: Redefining \. on input line 58.
LaTeX Info: Redefining \% on input line 58.
[11 <./images/motionblur.jpg> <./images/imgdk2.jpg>]
<images/sensorInfra.jpg, id=123, 264.30171pt x 189.76038pt>
File: images/sensorInfra.jpg Graphic file (type jpg)
<use images/sensorInfra.jpg>
Package pdftex.def Info: images/sensorInfra.jpg  used on input line 62.
(pdftex.def)             Requested size: 226.48395pt x 162.60873pt.

Underfull \hbox (badness 10000) in paragraph at lines 63--63
\T1/cmr/m/n/10.95 Fuente:$\T1/cmtt/m/n/10.95 https : / / upload . wikimedia . o
rg / wikipedia / commons / 9 / 9c / Oculus _ Rift _
 []

LaTeX Info: Redefining \. on input line 75.
LaTeX Info: Redefining \% on input line 75.
[12 <./images/ryp.png (PNG copy)> <./images/sensorInfra.jpg>]
LaTeX Info: Redefining \. on input line 112.
LaTeX Info: Redefining \% on input line 112.
 [13]
LaTeX Info: Redefining \. on input line 135.
LaTeX Info: Redefining \% on input line 135.
 [14]
LaTeX Info: Redefining \. on input line 159.
LaTeX Info: Redefining \% on input line 159.

[15]
<images/bones.jpg, id=136, 1284.8pt x 963.6pt>
File: images/bones.jpg Graphic file (type jpg)
<use images/bones.jpg>
Package pdftex.def Info: images/bones.jpg  used on input line 215.
(pdftex.def)             Requested size: 452.9679pt x 339.7205pt.


LaTeX Warning: `!h' float specifier changed to `!ht'.

LaTeX Info: Redefining \. on input line 221.
LaTeX Info: Redefining \% on input line 221.
[16]
LaTeX Info: Redefining \. on input line 226.
LaTeX Info: Redefining \% on input line 226.
 [17 <./images/bones.jpg>]
LaTeX Info: Redefining \. on input line 257.
LaTeX Info: Redefining \% on input line 257.
 [18]
LaTeX Info: Redefining \. on input line 281.
LaTeX Info: Redefining \% on input line 281.
 [19]
LaTeX Info: Redefining \. on input line 308.
LaTeX Info: Redefining \% on input line 308.
 [20]
<images/diagramaClases2.png, id=155, 1406.25375pt x 859.21pt>
File: images/diagramaClases2.png Graphic file (type png)
<use images/diagramaClases2.png>
Package pdftex.def Info: images/diagramaClases2.png  used on input line 334.
(pdftex.def)             Requested size: 452.9679pt x 276.74895pt.


LaTeX Warning: `!h' float specifier changed to `!ht'.

LaTeX Info: Redefining \. on input line 342.
LaTeX Info: Redefining \% on input line 342.
[21]
LaTeX Info: Redefining \. on input line 350.
LaTeX Info: Redefining \% on input line 350.
 [22 <./images/diagramaClases2.png (PNG copy)>]
<images/diagramaClases.png, id=162, 3405.72375pt x 1941.2525pt>
File: images/diagramaClases.png Graphic file (type png)
<use images/diagramaClases.png>
Package pdftex.def Info: images/diagramaClases.png  used on input line 353.
(pdftex.def)             Requested size: 635.71346pt x 362.37569pt.
LaTeX Info: Redefining \. on input line 357.
LaTeX Info: Redefining \% on input line 357.
 [23 <./images/diagramaClases.png (PNG copy)>]
<images/caso1.png, id=167, 997.7275pt x 963.6pt>
File: images/caso1.png Graphic file (type png)
<use images/caso1.png>
Package pdftex.def Info: images/caso1.png  used on input line 368.
(pdftex.def)             Requested size: 452.9679pt x 437.46828pt.
<images/caso2.png, id=168, 1282.7925pt x 1339.0025pt>
File: images/caso2.png Graphic file (type png)
<use images/caso2.png>
Package pdftex.def Info: images/caso2.png  used on input line 377.
(pdftex.def)             Requested size: 452.9679pt x 472.8055pt.

Underfull \vbox (badness 2302) has occurred while \output is active []

LaTeX Info: Redefining \. on input line 381.
LaTeX Info: Redefining \% on input line 381.
 [24


 <./images/caso1.png (PNG copy)>]
<images/caso3.png, id=172, 2168.1pt x 2619.7875pt>
File: images/caso3.png Graphic file (type png)
<use images/caso3.png>
Package pdftex.def Info: images/caso3.png  used on input line 386.
(pdftex.def)             Requested size: 452.9679pt x 547.33342pt.

Underfull \vbox (badness 10000) has occurred while \output is active []

LaTeX Info: Redefining \. on input line 390.
LaTeX Info: Redefining \% on input line 390.
 [25 <./images/caso2.png (PNG copy)>]
LaTeX Info: Redefining \. on input line 392.
LaTeX Info: Redefining \% on input line 392.
 [26 <./images/caso3.png (PNG copy)>])
(./cap_experimentos.tex
LaTeX Info: Redefining \. on input line 1.
LaTeX Info: Redefining \% on input line 1.
 [27]
LaTeX Info: Redefining \. on input line 1.
LaTeX Info: Redefining \% on input line 1.
 [28

]
Cap\'{\i }tulo 4.

Package xcolor Warning: Incompatible color definition on input line 1.

[29]
LaTeX Info: Redefining \. on input line 54.
LaTeX Info: Redefining \% on input line 54.
 [30]
Underfull \vbox (badness 10000) has occurred while \output is active []

LaTeX Info: Redefining \. on input line 97.
LaTeX Info: Redefining \% on input line 97.
 [31])
(./cap_conclusiones.tex
LaTeX Info: Redefining \. on input line 1.
LaTeX Info: Redefining \% on input line 1.
 [32]
Cap\'{\i }tulo 5.

Package xcolor Warning: Incompatible color definition on input line 1.

[33

]
LaTeX Info: Redefining \. on input line 35.
LaTeX Info: Redefining \% on input line 35.
 [34]) (./glosario.tex

Package xcolor Warning: Incompatible color definition on input line 1.

[35

]) (./PLANTILLA_TFG.bbl [36

]

Package xcolor Warning: Incompatible color definition on input line 1.

[37]) (./anexo_pantallazos_casos_uso.tex
LaTeX Info: Redefining \. on input line 1.
LaTeX Info: Redefining \% on input line 1.
 [38]
Ap\'{e}ndice A.

Package xcolor Warning: Incompatible color definition on input line 1.

<images/inicio.png, id=221, 1445.4pt x 813.0375pt>
File: images/inicio.png Graphic file (type png)
<use images/inicio.png>
Package pdftex.def Info: images/inicio.png  used on input line 11.
(pdftex.def)             Requested size: 452.9679pt x 254.79314pt.
<images/int_menu_open.png, id=222, 1445.4pt x 813.0375pt>
File: images/int_menu_open.png Graphic file (type png)
<use images/int_menu_open.png>
Package pdftex.def Info: images/int_menu_open.png  used on input line 18.
(pdftex.def)             Requested size: 452.9679pt x 254.79314pt.

Underfull \vbox (badness 2662) has occurred while \output is active []

 [39

 <./images/inicio.png>]
<images/menu_abierto.png, id=226, 1445.4pt x 813.0375pt>
File: images/menu_abierto.png Graphic file (type png)
<use images/menu_abierto.png>
Package pdftex.def Info: images/menu_abierto.png  used on input line 25.
(pdftex.def)             Requested size: 452.9679pt x 254.79314pt.
<images/salir_sistema.png, id=227, 1445.4pt x 813.0375pt>
File: images/salir_sistema.png Graphic file (type png)
<use images/salir_sistema.png>
Package pdftex.def Info: images/salir_sistema.png  used on input line 32.
(pdftex.def)             Requested size: 452.9679pt x 254.79314pt.

Underfull \vbox (badness 10000) has occurred while \output is active []

LaTeX Info: Redefining \. on input line 36.
LaTeX Info: Redefining \% on input line 36.
 [40 <./images/int_menu_open.png> <./images/menu_abierto.png>]
File: images/inicio.png Graphic file (type png)
<use images/inicio.png>
Package pdftex.def Info: images/inicio.png  used on input line 43.
(pdftex.def)             Requested size: 452.9679pt x 254.79314pt.
File: images/int_menu_open.png Graphic file (type png)
<use images/int_menu_open.png>
Package pdftex.def Info: images/int_menu_open.png  used on input line 50.
(pdftex.def)             Requested size: 452.9679pt x 254.79314pt.

Underfull \vbox (badness 10000) has occurred while \output is active []

LaTeX Info: Redefining \. on input line 54.
LaTeX Info: Redefining \% on input line 54.
 [41 <./images/salir_sistema.png>]
File: images/menu_abierto.png Graphic file (type png)
<use images/menu_abierto.png>
Package pdftex.def Info: images/menu_abierto.png  used on input line 57.
(pdftex.def)             Requested size: 452.9679pt x 254.79314pt.
<images/Apertura_browser.png, id=235, 1445.4pt x 813.0375pt>
File: images/Apertura_browser.png Graphic file (type png)
<use images/Apertura_browser.png>
Package pdftex.def Info: images/Apertura_browser.png  used on input line 64.
(pdftex.def)             Requested size: 452.9679pt x 254.79314pt.

Underfull \vbox (badness 10000) has occurred while \output is active []

LaTeX Info: Redefining \. on input line 68.
LaTeX Info: Redefining \% on input line 68.
 [42]
<images/browser.png, id=239, 1445.4pt x 813.0375pt>
File: images/browser.png Graphic file (type png)
<use images/browser.png>
Package pdftex.def Info: images/browser.png  used on input line 71.
(pdftex.def)             Requested size: 452.9679pt x 254.79314pt.
<images/cierre_navegador.png, id=240, 1445.4pt x 813.0375pt>
File: images/cierre_navegador.png Graphic file (type png)
<use images/cierre_navegador.png>
Package pdftex.def Info: images/cierre_navegador.png  used on input line 79.
(pdftex.def)             Requested size: 452.9679pt x 254.79314pt.

Underfull \vbox (badness 10000) has occurred while \output is active []

LaTeX Info: Redefining \. on input line 83.
LaTeX Info: Redefining \% on input line 83.
 [43 <./images/Apertura_browser.png> <./images/browser.png>]
File: images/salir_sistema.png Graphic file (type png)
<use images/salir_sistema.png>
Package pdftex.def Info: images/salir_sistema.png  used on input line 86.
(pdftex.def)             Requested size: 452.9679pt x 254.79314pt.
File: images/inicio.png Graphic file (type png)
<use images/inicio.png>
Package pdftex.def Info: images/inicio.png  used on input line 97.
(pdftex.def)             Requested size: 452.9679pt x 254.79314pt.
LaTeX Info: Redefining \. on input line 101.
LaTeX Info: Redefining \% on input line 101.
 [44 <./images/cierre_navegador.png>]
File: images/int_menu_open.png Graphic file (type png)
<use images/int_menu_open.png>
Package pdftex.def Info: images/int_menu_open.png  used on input line 104.
(pdftex.def)             Requested size: 452.9679pt x 254.79314pt.
File: images/menu_abierto.png Graphic file (type png)
<use images/menu_abierto.png>
Package pdftex.def Info: images/menu_abierto.png  used on input line 111.
(pdftex.def)             Requested size: 452.9679pt x 254.79314pt.

Underfull \vbox (badness 10000) has occurred while \output is active []

LaTeX Info: Redefining \. on input line 115.
LaTeX Info: Redefining \% on input line 115.
 [45]
File: images/Apertura_browser.png Graphic file (type png)
<use images/Apertura_browser.png>
Package pdftex.def Info: images/Apertura_browser.png  used on input line 118.
(pdftex.def)             Requested size: 452.9679pt x 254.79314pt.
File: images/browser.png Graphic file (type png)
<use images/browser.png>
Package pdftex.def Info: images/browser.png  used on input line 125.
(pdftex.def)             Requested size: 452.9679pt x 254.79314pt.

Underfull \vbox (badness 10000) has occurred while \output is active []

LaTeX Info: Redefining \. on input line 129.
LaTeX Info: Redefining \% on input line 129.
 [46]
<images/limpia_url.png, id=253, 1445.4pt x 813.0375pt>
File: images/limpia_url.png Graphic file (type png)
<use images/limpia_url.png>
Package pdftex.def Info: images/limpia_url.png  used on input line 132.
(pdftex.def)             Requested size: 452.9679pt x 254.79314pt.
<images/escritura_teclado.png, id=254, 1445.4pt x 813.0375pt>
File: images/escritura_teclado.png Graphic file (type png)
<use images/escritura_teclado.png>
Package pdftex.def Info: images/escritura_teclado.png  used on input line 139.
(pdftex.def)             Requested size: 452.9679pt x 254.79314pt.

Underfull \vbox (badness 10000) has occurred while \output is active []

LaTeX Info: Redefining \. on input line 143.
LaTeX Info: Redefining \% on input line 143.
 [47 <./images/limpia_url.png>]
<images/carga_url.png, id=259, 1445.4pt x 813.0375pt>
File: images/carga_url.png Graphic file (type png)
<use images/carga_url.png>
Package pdftex.def Info: images/carga_url.png  used on input line 146.
(pdftex.def)             Requested size: 452.9679pt x 254.79314pt.
<images/video.png, id=260, 1445.4pt x 813.0375pt>
File: images/video.png Graphic file (type png)
<use images/video.png>
Package pdftex.def Info: images/video.png  used on input line 153.
(pdftex.def)             Requested size: 452.9679pt x 254.79314pt.

Underfull \vbox (badness 10000) has occurred while \output is active []

LaTeX Info: Redefining \. on input line 157.
LaTeX Info: Redefining \% on input line 157.
 [48 <./images/escritura_teclado.png> <./images/carga_url.png>]
File: images/cierre_navegador.png Graphic file (type png)
<use images/cierre_navegador.png>
Package pdftex.def Info: images/cierre_navegador.png  used on input line 160.
(pdftex.def)             Requested size: 452.9679pt x 254.79314pt.
File: images/salir_sistema.png Graphic file (type png)
<use images/salir_sistema.png>
Package pdftex.def Info: images/salir_sistema.png  used on input line 167.
(pdftex.def)             Requested size: 452.9679pt x 254.79314pt.

Underfull \vbox (badness 10000) has occurred while \output is active []

LaTeX Info: Redefining \. on input line 171.
LaTeX Info: Redefining \% on input line 171.
 [49 <./images/video.png>]
LaTeX Info: Redefining \. on input line 172.
LaTeX Info: Redefining \% on input line 172.
 [50]) (./anexo_codigo.tex
Ap\'{e}ndice B.

Package xcolor Warning: Incompatible color definition on input line 1.


Overfull \hbox (6.0pt too wide) in paragraph at lines 12--12
[][][][][][][] 
 []

LaTeX Font Info:    Font shape `T1/cmtt/bx/n' in size <10.95> not available
(Font)              Font shape `T1/cmtt/m/n' tried instead on input line 13.
[51

]
Underfull \vbox (badness 10000) has occurred while \output is active []

LaTeX Info: Redefining \. on input line 79.
LaTeX Info: Redefining \% on input line 79.
 [52]
LaTeX Info: Redefining \. on input line 84.
LaTeX Info: Redefining \% on input line 84.

[53]
Overfull \hbox (6.0pt too wide) in paragraph at lines 86--86
[][][][][][][] 
 []


Underfull \vbox (badness 10000) has occurred while \output is active []

LaTeX Info: Redefining \. on input line 130.
LaTeX Info: Redefining \% on input line 130.
 [54]
Overfull \hbox (6.0pt too wide) in paragraph at lines 151--151
[][][][][][][] 
 []


Overfull \hbox (6.0pt too wide) in paragraph at lines 166--166
[][][][][][][] 
 []

LaTeX Info: Redefining \. on input line 175.
LaTeX Info: Redefining \% on input line 175.
[55]
Overfull \hbox (6.0pt too wide) in paragraph at lines 192--192
[][][][][][][] 
 []

LaTeX Info: Redefining \. on input line 222.
LaTeX Info: Redefining \% on input line 222.
[56]
Underfull \vbox (badness 10000) has occurred while \output is active []

LaTeX Info: Redefining \. on input line 274.
LaTeX Info: Redefining \% on input line 274.
 [57]
Underfull \vbox (badness 10000) has occurred while \output is active []

LaTeX Info: Redefining \. on input line 323.
LaTeX Info: Redefining \% on input line 323.
 [58]
Underfull \vbox (badness 10000) has occurred while \output is active []

LaTeX Info: Redefining \. on input line 369.
LaTeX Info: Redefining \% on input line 369.
 [59]
Underfull \vbox (badness 10000) has occurred while \output is active []

LaTeX Info: Redefining \. on input line 420.
LaTeX Info: Redefining \% on input line 420.
 [60]
Underfull \vbox (badness 10000) has occurred while \output is active []

LaTeX Info: Redefining \. on input line 469.
LaTeX Info: Redefining \% on input line 469.
 [61]
Overfull \hbox (6.0pt too wide) in paragraph at lines 481--481
[][][][][][][] 
 []

LaTeX Info: Redefining \. on input line 519.
LaTeX Info: Redefining \% on input line 519.
[62]
Overfull \hbox (6.0pt too wide) in paragraph at lines 539--539
[][][][][][][] 
 []

LaTeX Info: Redefining \. on input line 569.
LaTeX Info: Redefining \% on input line 569.
[63]
Underfull \vbox (badness 10000) has occurred while \output is active []

LaTeX Info: Redefining \. on input line 620.
LaTeX Info: Redefining \% on input line 620.
 [64]
Underfull \vbox (badness 10000) has occurred while \output is active []

LaTeX Info: Redefining \. on input line 672.
LaTeX Info: Redefining \% on input line 672.
 [65]
Underfull \vbox (badness 10000) has occurred while \output is active []

LaTeX Info: Redefining \. on input line 722.
LaTeX Info: Redefining \% on input line 722.
 [66]
Underfull \vbox (badness 10000) has occurred while \output is active []

LaTeX Info: Redefining \. on input line 773.
LaTeX Info: Redefining \% on input line 773.
 [67]
Underfull \vbox (badness 10000) has occurred while \output is active []

LaTeX Info: Redefining \. on input line 824.
LaTeX Info: Redefining \% on input line 824.
 [68]
Underfull \vbox (badness 10000) has occurred while \output is active []

LaTeX Info: Redefining \. on input line 875.
LaTeX Info: Redefining \% on input line 875.
 [69]
Underfull \vbox (badness 10000) has occurred while \output is active []

LaTeX Info: Redefining \. on input line 927.
LaTeX Info: Redefining \% on input line 927.
 [70]
Underfull \vbox (badness 10000) has occurred while \output is active []

LaTeX Info: Redefining \. on input line 977.
LaTeX Info: Redefining \% on input line 977.
 [71]
Underfull \vbox (badness 10000) has occurred while \output is active []

LaTeX Info: Redefining \. on input line 1028.
LaTeX Info: Redefining \% on input line 1028.
 [72]
Underfull \vbox (badness 10000) has occurred while \output is active []

LaTeX Info: Redefining \. on input line 1079.
LaTeX Info: Redefining \% on input line 1079.
 [73]
Underfull \vbox (badness 10000) has occurred while \output is active []

LaTeX Info: Redefining \. on input line 1130.
LaTeX Info: Redefining \% on input line 1130.
 [74]
Underfull \vbox (badness 10000) has occurred while \output is active []

LaTeX Info: Redefining \. on input line 1179.
LaTeX Info: Redefining \% on input line 1179.
 [75]
Overfull \hbox (6.0pt too wide) in paragraph at lines 1185--1185
[][][][][][][] 
 []

LaTeX Info: Redefining \. on input line 1224.
LaTeX Info: Redefining \% on input line 1224.
[76]
LaTeX Font Info:    Try loading font information for TS1+cmtt on input line 126
0.
 (/usr/share/texlive/texmf-dist/tex/latex/base/ts1cmtt.fd
File: ts1cmtt.fd 2014/09/29 v2.5h Standard LaTeX font definitions
)
Underfull \vbox (badness 10000) has occurred while \output is active []

LaTeX Info: Redefining \. on input line 1266.
LaTeX Info: Redefining \% on input line 1266.
 [77]
Overfull \hbox (6.0pt too wide) in paragraph at lines 1298--1298
[][][][][][][] 
 []

LaTeX Info: Redefining \. on input line 1308.
LaTeX Info: Redefining \% on input line 1308.
[78]
Underfull \vbox (badness 10000) has occurred while \output is active []

LaTeX Info: Redefining \. on input line 1356.
LaTeX Info: Redefining \% on input line 1356.
 [79]
Overfull \hbox (6.0pt too wide) in paragraph at lines 1378--1378
[][][][][][][] 
 []

LaTeX Info: Redefining \. on input line 1409.
LaTeX Info: Redefining \% on input line 1409.
[80]
Overfull \hbox (6.0pt too wide) in paragraph at lines 1413--1413
[][][][][][][] 
 []

LaTeX Info: Redefining \. on input line 1457.
LaTeX Info: Redefining \% on input line 1457.
[81]
LaTeX Info: Redefining \. on input line 1476.
LaTeX Info: Redefining \% on input line 1476.
 [82]) (./PLANTILLA_TFG.aux
LaTeX Info: Redefining \. on input line 6.
LaTeX Info: Redefining \% on input line 6.
LaTeX Info: Redefining \. on input line 7.
LaTeX Info: Redefining \% on input line 7.
)

LaTeX Warning: There were multiply-defined labels.

 ) 
Here is how much of TeX's memory you used:
 12234 strings out of 492982
 167815 string characters out of 6134896
 404280 words of memory out of 5000000
 15444 multiletter control sequences out of 15000+600000
 28282 words of font info for 70 fonts, out of 8000000 for 9000
 1141 hyphenation exceptions out of 8191
 41i,12n,47p,3244b,1877s stack positions out of 5000i,500n,10000p,200000b,80000s
{/usr/share/texmf/fonts/enc/dvips/cm-super/cm-super-ts1.enc}{/usr/share/texmf
/fonts/enc/dvips/cm-super/cm-super-t1.enc}{/usr/share/texlive/texmf-dist/fonts/
enc/dvips/base/8r.enc}</usr/share/texlive/texmf-dist/fonts/type1/public/amsfont
s/cm/cmmi10.pfb></usr/share/texlive/texmf-dist/fonts/type1/public/amsfonts/cm/c
mmi8.pfb></usr/share/texlive/texmf-dist/fonts/type1/public/amsfonts/cm/cmr8.pfb
></usr/share/texlive/texmf-dist/fonts/type1/public/amsfonts/cm/cmsy10.pfb></usr
/share/texlive/texmf-dist/fonts/type1/public/amsfonts/cm/cmsy8.pfb></usr/share/
texlive/texmf-dist/fonts/type1/public/marvosym/marvosym.pfb></usr/share/texmf/f
onts/type1/public/cm-super/sfbx1095.pfb></usr/share/texmf/fonts/type1/public/cm
-super/sfbx1200.pfb></usr/share/texmf/fonts/type1/public/cm-super/sfbx1440.pfb>
</usr/share/texmf/fonts/type1/public/cm-super/sfbx2488.pfb></usr/share/texmf/fo
nts/type1/public/cm-super/sfcc1095.pfb></usr/share/texmf/fonts/type1/public/cm-
super/sfcc1200.pfb></usr/share/texmf/fonts/type1/public/cm-super/sfcc1728.pfb><
/usr/share/texmf/fonts/type1/public/cm-super/sfcc2488.pfb></usr/share/texmf/fon
ts/type1/public/cm-super/sfrm0800.pfb></usr/share/texmf/fonts/type1/public/cm-s
uper/sfrm0900.pfb></usr/share/texmf/fonts/type1/public/cm-super/sfrm1095.pfb></
usr/share/texmf/fonts/type1/public/cm-super/sfrm1440.pfb></usr/share/texmf/font
s/type1/public/cm-super/sfrm2074.pfb></usr/share/texmf/fonts/type1/public/cm-su
per/sfrm2488.pfb></usr/share/texmf/fonts/type1/public/cm-super/sfsl1095.pfb></u
sr/share/texmf/fonts/type1/public/cm-super/sfti1095.pfb></usr/share/texmf/fonts
/type1/public/cm-super/sftt1095.pfb></usr/share/texmf/fonts/type1/public/cm-sup
er/sfxc1095.pfb></usr/share/texlive/texmf-dist/fonts/type1/urw/bookman/ubkd8a.p
fb>
Output written on PLANTILLA_TFG.pdf (96 pages, 29464896 bytes).
PDF statistics:
 462 PDF objects out of 1000 (max. 8388607)
 300 compressed objects within 3 object streams
 0 named destinations out of 1000 (max. 500000)
 156 words of extra memory for PDF output out of 10000 (max. 10000000)

