This is pdfTeX, Version 3.14159265-2.6-1.40.18 (TeX Live 2017/Debian) (preloaded format=pdflatex 2018.9.17)  17 SEP 2018 19:04
entering extended mode
 restricted \write18 enabled.
 %&-line parsing enabled.
**resumen.tex
(./resumen.tex
LaTeX2e <2017-04-15>
Babel <3.18> and hyphenation patterns for 84 language(s) loaded.
! Undefined control sequence.
l.1 \chapter
            *{Resumen}
The control sequence at the end of the top line
of your error message was never \def'ed. If you have
misspelled it (e.g., `\hobx'), type `I' and the correct
spelling (e.g., `I\hbox'). Otherwise just continue,
and I'll forget about whatever was undefined.


! LaTeX Error: Missing \begin{document}.

See the LaTeX manual or LaTeX Companion for explanation.
Type  H <return>  for immediate help.
 ...                                              
                                                  
l.1 \chapter*
             {Resumen}
You're in trouble here.  Try typing  <return>  to proceed.
If that doesn't work, type  X <return>  to quit.

Missing character: There is no * in font nullfont!
Missing character: There is no R in font nullfont!
Missing character: There is no e in font nullfont!
Missing character: There is no s in font nullfont!
Missing character: There is no u in font nullfont!
Missing character: There is no m in font nullfont!
Missing character: There is no e in font nullfont!
Missing character: There is no n in font nullfont!
! Undefined control sequence.
l.2 \section
            *{Resumen}
The control sequence at the end of the top line
of your error message was never \def'ed. If you have
misspelled it (e.g., `\hobx'), type `I' and the correct
spelling (e.g., `I\hbox'). Otherwise just continue,
and I'll forget about whatever was undefined.

Missing character: There is no * in font nullfont!
Missing character: There is no R in font nullfont!
Missing character: There is no e in font nullfont!
Missing character: There is no s in font nullfont!
Missing character: There is no u in font nullfont!
Missing character: There is no m in font nullfont!
Missing character: There is no e in font nullfont!
Missing character: There is no n in font nullfont!
Missing character: There is no R in font nullfont!
Missing character: There is no E in font nullfont!
Missing character: There is no S in font nullfont!
Missing character: There is no U in font nullfont!
Missing character: There is no M in font nullfont!
Missing character: There is no E in font nullfont!
Missing character: There is no N in font nullfont!
! Undefined control sequence.
l.4 \section
            *{Palabras Clave}
The control sequence at the end of the top line
of your error message was never \def'ed. If you have
misspelled it (e.g., `\hobx'), type `I' and the correct
spelling (e.g., `I\hbox'). Otherwise just continue,
and I'll forget about whatever was undefined.

Missing character: There is no * in font nullfont!
Missing character: There is no P in font nullfont!
Missing character: There is no a in font nullfont!
Missing character: There is no l in font nullfont!
Missing character: There is no a in font nullfont!
Missing character: There is no b in font nullfont!
Missing character: There is no r in font nullfont!
Missing character: There is no a in font nullfont!
Missing character: There is no s in font nullfont!
Missing character: There is no C in font nullfont!
Missing character: There is no l in font nullfont!
Missing character: There is no a in font nullfont!
Missing character: There is no v in font nullfont!
Missing character: There is no e in font nullfont!

Overfull \hbox (20.0pt too wide) in paragraph at lines 1--5
[]
 []


! LaTeX Error: Missing \begin{document}.

See the LaTeX manual or LaTeX Companion for explanation.
Type  H <return>  for immediate help.
 ...                                              
                                                  
l.6 \emph{Realidad Virtual}
                           ,
You're in trouble here.  Try typing  <return>  to proceed.
If that doesn't work, type  X <return>  to quit.

Missing character: There is no , in font nullfont!
Missing character: There is no , in font nullfont!
Missing character: There is no , in font nullfont!
Missing character: There is no , in font nullfont!
Missing character: There is no , in font nullfont!
Missing character: There is no , in font nullfont!

Overfull \hbox (56.93864pt too wide) in paragraph at lines 6--13
[]\OT1/cmr/m/it/10 Realidad
 []


Overfull \hbox (18.29431pt too wide) in paragraph at lines 6--13
\OT1/cmr/m/it/10 Vir-
 []


Overfull \hbox (16.35545pt too wide) in paragraph at lines 6--13
\OT1/cmr/m/it/10 tual
 []


Overfull \hbox (14.72769pt too wide) in paragraph at lines 6--13
\OT1/cmr/m/it/10 VR
 []


Overfull \hbox (18.65538pt too wide) in paragraph at lines 6--13
\OT1/cmr/m/it/10 Tec-
 []


Overfull \hbox (34.75534pt too wide) in paragraph at lines 6--13
\OT1/cmr/m/it/10 nolog^^S^^Pas
 []


Overfull \hbox (9.71104pt too wide) in paragraph at lines 6--13
\OT1/cmr/m/it/10 de
 []


Overfull \hbox (7.66663pt too wide) in paragraph at lines 6--13
\OT1/cmr/m/it/10 la
 []


Overfull \hbox (13.05547pt too wide) in paragraph at lines 6--13
\OT1/cmr/m/it/10 In-
 []


Overfull \hbox (15.9721pt too wide) in paragraph at lines 6--13
\OT1/cmr/m/it/10 for-
 []


Overfull \hbox (31.6887pt too wide) in paragraph at lines 6--13
\OT1/cmr/m/it/10 maci^^Son
 []


Overfull \hbox (4.85551pt too wide) in paragraph at lines 6--13
\OT1/cmr/m/it/10 y
 []


Overfull \hbox (7.66663pt too wide) in paragraph at lines 6--13
\OT1/cmr/m/it/10 la
 []


Overfull \hbox (12.77766pt too wide) in paragraph at lines 6--13
\OT1/cmr/m/it/10 co-
 []


Overfull \hbox (17.12212pt too wide) in paragraph at lines 6--13
\OT1/cmr/m/it/10 mu-
 []


Overfull \hbox (12.26659pt too wide) in paragraph at lines 6--13
\OT1/cmr/m/it/10 ni-
 []


Overfull \hbox (27.59981pt too wide) in paragraph at lines 6--13
\OT1/cmr/m/it/10 caci^^Son
 []


Overfull \hbox (21.21097pt too wide) in paragraph at lines 6--13
\OT1/cmr/m/it/10 Ocu-
 []


Overfull \hbox (12.01105pt too wide) in paragraph at lines 6--13
\OT1/cmr/m/it/10 lus
 []


Overfull \hbox (16.49432pt too wide) in paragraph at lines 6--13
\OT1/cmr/m/it/10 Rift
 []


Overfull \hbox (28.69145pt too wide) in paragraph at lines 6--13
\OT1/cmr/m/it/10 Google
 []


Overfull \hbox (24.66092pt too wide) in paragraph at lines 6--13
\OT1/cmr/m/it/10 Card-
 []


Overfull \hbox (22.61647pt too wide) in paragraph at lines 6--13
\OT1/cmr/m/it/10 board
 []


Overfull \hbox (25.32204pt too wide) in paragraph at lines 6--13
\OT1/cmr/m/it/10 Nave-
 []


Overfull \hbox (28.11093pt too wide) in paragraph at lines 6--13
\OT1/cmr/m/it/10 gaci^^Son
 []


Overfull \hbox (19.17763pt too wide) in paragraph at lines 6--13
\OT1/cmr/m/it/10 Per-
 []


Overfull \hbox (24.0221pt too wide) in paragraph at lines 6--13
\OT1/cmr/m/it/10 sonas
 []


Overfull \hbox (10.22215pt too wide) in paragraph at lines 6--13
\OT1/cmr/m/it/10 en
 []


Overfull \hbox (39.35532pt too wide) in paragraph at lines 6--13
\OT1/cmr/m/it/10 situaci^^Son
 []


Overfull \hbox (9.71104pt too wide) in paragraph at lines 6--13
\OT1/cmr/m/it/10 de
 []


Overfull \hbox (15.84435pt too wide) in paragraph at lines 6--13
\OT1/cmr/m/it/10 dis-
 []


Overfull \hbox (30.15532pt too wide) in paragraph at lines 6--13
\OT1/cmr/m/it/10 capaci-
 []


Overfull \hbox (16.3666pt too wide) in paragraph at lines 6--13
\OT1/cmr/m/it/10 dad 
 []


! LaTeX Error: The font size command \normalsize is not defined:
               there is probably something wrong with the class file.

See the LaTeX manual or LaTeX Companion for explanation.
Type  H <return>  for immediate help.
 ...                                              
                                                  
l.13 \newpage
             
Your command was ignored.
Type  I <command> <return>  to replace it with another command,
or  <return>  to continue without it.

[1{/var/lib/texmf/fonts/map/pdftex/updmap/pdftex.map}]
! Undefined control sequence.
l.16 \section
             *{Abstract}
The control sequence at the end of the top line
of your error message was never \def'ed. If you have
misspelled it (e.g., `\hobx'), type `I' and the correct
spelling (e.g., `I\hbox'). Otherwise just continue,
and I'll forget about whatever was undefined.


! LaTeX Error: Missing \begin{document}.

See the LaTeX manual or LaTeX Companion for explanation.
Type  H <return>  for immediate help.
 ...                                              
                                                  
l.16 \section*
              {Abstract}
You're in trouble here.  Try typing  <return>  to proceed.
If that doesn't work, type  X <return>  to quit.

Missing character: There is no * in font nullfont!
Missing character: There is no A in font nullfont!
Missing character: There is no b in font nullfont!
Missing character: There is no s in font nullfont!
Missing character: There is no t in font nullfont!
Missing character: There is no r in font nullfont!
Missing character: There is no a in font nullfont!
Missing character: There is no c in font nullfont!
Missing character: There is no t in font nullfont!

Overfull \hbox (20.0pt too wide) in paragraph at lines 16--17
[] 
 []


! LaTeX Error: Missing \begin{document}.

See the LaTeX manual or LaTeX Companion for explanation.
Type  H <return>  for immediate help.
 ...                                              
                                                  
l.18 A
      bstract
You're in trouble here.  Try typing  <return>  to proceed.
If that doesn't work, type  X <return>  to quit.

Missing character: There is no A in font nullfont!
Missing character: There is no b in font nullfont!
Missing character: There is no s in font nullfont!
Missing character: There is no t in font nullfont!
Missing character: There is no r in font nullfont!
Missing character: There is no a in font nullfont!
Missing character: There is no c in font nullfont!
Missing character: There is no t in font nullfont!

Overfull \hbox (20.0pt too wide) in paragraph at lines 18--19
[] 
 []

! Undefined control sequence.
l.20 \section
             *{Key words}
The control sequence at the end of the top line
of your error message was never \def'ed. If you have
misspelled it (e.g., `\hobx'), type `I' and the correct
spelling (e.g., `I\hbox'). Otherwise just continue,
and I'll forget about whatever was undefined.


! LaTeX Error: Missing \begin{document}.

See the LaTeX manual or LaTeX Companion for explanation.
Type  H <return>  for immediate help.
 ...                                              
                                                  
l.20 \section*
              {Key words}
You're in trouble here.  Try typing  <return>  to proceed.
If that doesn't work, type  X <return>  to quit.

Missing character: There is no * in font nullfont!
Missing character: There is no K in font nullfont!
Missing character: There is no e in font nullfont!
Missing character: There is no y in font nullfont!
Missing character: There is no w in font nullfont!
Missing character: There is no o in font nullfont!
Missing character: There is no r in font nullfont!
Missing character: There is no d in font nullfont!
Missing character: There is no s in font nullfont!
Missing character: There is no , in font nullfont!
Missing character: There is no , in font nullfont!
Missing character: There is no , in font nullfont!
Missing character: There is no , in font nullfont!
Missing character: There is no , in font nullfont!
Missing character: There is no , in font nullfont!
Missing character: There is no . in font nullfont!
)
! Emergency stop.
<*> resumen.tex
               
*** (job aborted, no legal \end found)

 
Here is how much of TeX's memory you used:
 12 strings out of 492982
 197 string characters out of 6134896
 54909 words of memory out of 5000000
 3675 multiletter control sequences out of 15000+600000
 3986 words of font info for 15 fonts, out of 8000000 for 9000
 1141 hyphenation exceptions out of 8191
 19i,4n,14p,148b,115s stack positions out of 5000i,500n,10000p,200000b,80000s
!  ==> Fatal error occurred, no output PDF file produced!
